# JRE version: Java(TM) SE Runtime Environment 18.9 (11.0.12+8) (build 11.0.12+8-LTS-237)
# Java VM: Java HotSpot(TM) 64-Bit Server VM 18.9 (11.0.12+8-LTS-237, mixed mode, tiered, compressed oops, g1 gc, windows-amd64)
Heap:
 garbage-first heap   total 328704K, used 232305K [0x0000000080000000, 0x0000000100000000)
  region size 1024K, 19 young (19456K), 6 survivors (6144K)
 Metaspace       used 158539K, capacity 163233K, committed 163328K, reserved 659456K
  class space    used 19901K, capacity 21724K, committed 21760K, reserved 516096K
GC Heap History (10 events):
Event: 371.046 GC heap before
{Heap before GC invocations=228 (full 0):
 garbage-first heap   total 273408K, used 236544K [0x0000000080000000, 0x0000000100000000)
  region size 1024K, 55 young (56320K), 8 survivors (8192K)
 Metaspace       used 152392K, capacity 156805K, committed 156928K, reserved 653312K
  class space    used 19023K, capacity 20650K, committed 20736K, reserved 516096K
}
Event: 371.063 GC heap after
{Heap after GC invocations=229 (full 0):
 garbage-first heap   total 273408K, used 198324K [0x0000000080000000, 0x0000000100000000)
  region size 1024K, 7 young (7168K), 7 survivors (7168K)
 Metaspace       used 152392K, capacity 156805K, committed 156928K, reserved 653312K
  class space    used 19023K, capacity 20650K, committed 20736K, reserved 516096K
}
Event: 371.920 GC heap before
{Heap before GC invocations=229 (full 0):
 garbage-first heap   total 273408K, used 235188K [0x0000000080000000, 0x0000000100000000)
  region size 1024K, 43 young (44032K), 7 survivors (7168K)
 Metaspace       used 153755K, capacity 158275K, committed 158336K, reserved 655360K
  class space    used 19194K, capacity 20860K, committed 20864K, reserved 516096K
}
Event: 371.940 GC heap after
{Heap after GC invocations=230 (full 0):
 garbage-first heap   total 273408K, used 202380K [0x0000000080000000, 0x0000000100000000)
  region size 1024K, 6 young (6144K), 6 survivors (6144K)
 Metaspace       used 153755K, capacity 158275K, committed 158336K, reserved 655360K
  class space    used 19194K, capacity 20860K, committed 20864K, reserved 516096K
}
Event: 372.902 GC heap before
{Heap before GC invocations=230 (full 0):
 garbage-first heap   total 273408K, used 233100K [0x0000000080000000, 0x0000000100000000)
  region size 1024K, 36 young (36864K), 6 survivors (6144K)
 Metaspace       used 155198K, capacity 159677K, committed 159872K, reserved 655360K
  class space    used 19374K, capacity 21028K, committed 21120K, reserved 516096K
}
Event: 372.928 GC heap after
{Heap after GC invocations=231 (full 0):
 garbage-first heap   total 273408K, used 207872K [0x0000000080000000, 0x0000000100000000)
  region size 1024K, 5 young (5120K), 5 survivors (5120K)
 Metaspace       used 155198K, capacity 159677K, committed 159872K, reserved 655360K
  class space    used 19374K, capacity 21028K, committed 21120K, reserved 516096K
}
Event: 373.388 GC heap before
{Heap before GC invocations=231 (full 0):
 garbage-first heap   total 273408K, used 233472K [0x0000000080000000, 0x0000000100000000)
  region size 1024K, 31 young (31744K), 5 survivors (5120K)
 Metaspace       used 155890K, capacity 160488K, committed 160768K, reserved 657408K
  class space    used 19467K, capacity 21173K, committed 21248K, reserved 516096K
}
Event: 373.417 GC heap after
{Heap after GC invocations=232 (full 0):
 garbage-first heap   total 328704K, used 213553K [0x0000000080000000, 0x0000000100000000)
  region size 1024K, 4 young (4096K), 4 survivors (4096K)
 Metaspace       used 155890K, capacity 160488K, committed 160768K, reserved 657408K
  class space    used 19467K, capacity 21173K, committed 21248K, reserved 516096K
}
Event: 375.185 GC heap before
{Heap before GC invocations=232 (full 0):
 garbage-first heap   total 328704K, used 255537K [0x0000000080000000, 0x0000000100000000)
  region size 1024K, 45 young (46080K), 4 survivors (4096K)
 Metaspace       used 157992K, capacity 162711K, committed 163072K, reserved 657408K
  class space    used 19819K, capacity 21636K, committed 21760K, reserved 516096K
}
Event: 375.215 GC heap after
{Heap after GC invocations=233 (full 0):
 garbage-first heap   total 328704K, used 220017K [0x0000000080000000, 0x0000000100000000)
  region size 1024K, 6 young (6144K), 6 survivors (6144K)
 Metaspace       used 157992K, capacity 162711K, committed 163072K, reserved 657408K
  class space    used 19819K, capacity 21636K, committed 21760K, reserved 516096K
}

